[2026-02-25T06:42:56.498Z] GET /health - 200 (7ms)
[2026-02-25T06:42:56.513Z] GET /expenses - 401 (1ms)
[2026-02-25T06:42:56.516Z] GET /expenses - 200 (1ms)
[2026-02-25T06:42:56.520Z] GET /expenses - 200 (1ms)
[2026-02-25T06:42:56.522Z] GET /expenses - 200 (2ms)
[2026-02-25T06:42:56.525Z] GET /expenses - 200 (1ms)
[2026-02-25T06:42:56.527Z] GET /expenses - 200 (1ms)
[2026-02-25T06:42:56.530Z] GET /expenses - 200 (1ms)
[2026-02-25T06:42:56.532Z] GET /expenses - 200 (1ms)
[2026-02-25T06:42:56.535Z] GET /expenses - 200 (1ms)
[2026-02-25T06:42:56.538Z] GET /expenses - 200 (1ms)
[2026-02-25T06:42:56.540Z] GET /expenses - 200 (1ms)
[2026-02-25T06:42:56.542Z] GET /expenses - 200 (1ms)
[2026-02-25T06:42:56.544Z] GET /expenses - 200 (1ms)
[2026-02-25T06:42:56.545Z] GET /expenses - 200 (1ms)
[2026-02-25T06:42:56.547Z] GET /expenses - 200 (1ms)
[2026-02-25T06:42:56.549Z] GET /expenses - 200 (0ms)
[2026-02-25T06:42:56.550Z] GET /expenses - 200 (1ms)
[2026-02-25T06:42:56.552Z] GET /expenses - 200 (0ms)
[2026-02-25T06:42:56.553Z] GET /expenses - 200 (1ms)
[2026-02-25T06:42:56.555Z] GET /expenses - 200 (1ms)
[2026-02-25T06:42:56.557Z] GET /expenses - 200 (1ms)
[2026-02-25T06:42:56.559Z] GET /expenses - 200 (1ms)
[2026-02-25T06:42:56.560Z] GET /expenses - 200 (2ms)
[2026-02-25T06:42:56.562Z] GET /expenses - 200 (1ms)
[2026-02-25T06:42:56.564Z] GET /expenses - 200 (1ms)
[2026-02-25T06:42:56.566Z] GET /expenses - 200 (1ms)
[2026-02-25T06:42:56.567Z] GET /expenses - 200 (2ms)
[2026-02-25T06:42:56.569Z] GET /expenses - 200 (1ms)
[2026-02-25T06:42:56.571Z] GET /expenses - 200 (1ms)
[2026-02-25T06:42:56.573Z] GET /expenses - 200 (0ms)
[2026-02-25T06:42:56.574Z] GET /expenses - 200 (1ms)
[2026-02-25T06:42:56.575Z] GET /expenses - 200 (1ms)
[2026-02-25T06:42:56.577Z] GET /expenses - 200 (1ms)
[2026-02-25T06:42:56.579Z] GET /expenses - 200 (1ms)
[2026-02-25T06:42:56.580Z] GET /expenses - 200 (1ms)
[2026-02-25T06:42:56.582Z] GET /expenses - 200 (1ms)
[2026-02-25T06:42:56.584Z] GET /expenses - 200 (0ms)
[2026-02-25T06:42:56.585Z] GET /expenses - 200 (1ms)
[2026-02-25T06:42:56.587Z] GET /expenses - 200 (0ms)
[2026-02-25T06:42:56.588Z] GET /expenses - 200 (1ms)
[2026-02-25T06:42:56.590Z] GET /expenses - 200 (1ms)
[2026-02-25T06:42:56.591Z] GET /expenses - 200 (1ms)
[2026-02-25T06:42:56.593Z] GET /expenses - 200 (1ms)
[2026-02-25T06:42:56.595Z] GET /expenses - 200 (0ms)
[2026-02-25T06:42:56.596Z] GET /expenses - 200 (1ms)
[2026-02-25T06:42:56.598Z] GET /expenses - 200 (1ms)
[2026-02-25T06:42:56.599Z] GET /expenses - 200 (1ms)
[2026-02-25T06:42:56.601Z] GET /expenses - 200 (1ms)
[2026-02-25T06:42:56.602Z] GET /expenses - 200 (1ms)
[2026-02-25T06:42:56.604Z] GET /expenses - 200 (1ms)
[2026-02-25T06:42:56.605Z] GET /expenses - 200 (1ms)
[2026-02-25T06:42:56.607Z] GET /expenses - 200 (1ms)
[2026-02-25T06:42:56.609Z] GET /expenses - 200 (1ms)
[2026-02-25T06:42:56.610Z] GET /expenses - 200 (1ms)
[2026-02-25T06:42:56.612Z] GET /expenses - 200 (1ms)
[2026-02-25T06:42:56.613Z] GET /expenses - 200 (1ms)
[2026-02-25T06:42:56.615Z] GET /expenses - 200 (0ms)
[2026-02-25T06:42:56.616Z] GET /expenses - 200 (1ms)
[2026-02-25T06:42:56.618Z] GET /expenses - 200 (1ms)
[2026-02-25T06:42:56.619Z] GET /expenses - 200 (1ms)
[2026-02-25T06:42:56.620Z] GET /expenses - 200 (1ms)
[2026-02-25T06:42:56.622Z] GET /expenses - 200 (0ms)
[2026-02-25T06:42:56.623Z] GET /expenses - 200 (1ms)
[2026-02-25T06:42:56.624Z] GET /expenses - 200 (1ms)
[2026-02-25T06:42:56.625Z] GET /expenses - 200 (1ms)
[2026-02-25T06:42:56.627Z] GET /expenses - 200 (1ms)
[2026-02-25T06:42:56.628Z] GET /expenses - 200 (1ms)
[2026-02-25T06:42:56.630Z] GET /expenses - 200 (0ms)
[2026-02-25T06:42:56.631Z] GET /expenses - 200 (1ms)
[2026-02-25T06:42:56.632Z] GET /expenses - 200 (1ms)
[2026-02-25T06:42:56.634Z] GET /expenses - 200 (0ms)
[2026-02-25T06:42:56.635Z] GET /expenses - 200 (0ms)
[2026-02-25T06:42:56.636Z] GET /expenses - 200 (1ms)
[2026-02-25T06:42:56.638Z] GET /expenses - 200 (1ms)
[2026-02-25T06:42:56.639Z] GET /expenses - 200 (1ms)
[2026-02-25T06:42:56.641Z] GET /expenses - 200 (1ms)
[2026-02-25T06:42:56.642Z] GET /expenses - 200 (1ms)
[2026-02-25T06:42:56.643Z] GET /expenses - 200 (1ms)
[2026-02-25T06:42:56.645Z] GET /expenses - 200 (1ms)
[2026-02-25T06:42:56.646Z] GET /expenses - 200 (1ms)
[2026-02-25T06:42:56.648Z] GET /expenses - 200 (0ms)
[2026-02-25T06:42:56.649Z] GET /expenses - 200 (1ms)
[2026-02-25T06:42:56.650Z] GET /expenses - 200 (1ms)
[2026-02-25T06:42:56.652Z] GET /expenses - 200 (0ms)
[2026-02-25T06:42:56.653Z] GET /expenses - 200 (1ms)
[2026-02-25T06:42:56.654Z] GET /expenses - 200 (1ms)
[2026-02-25T06:42:56.655Z] GET /expenses - 200 (1ms)
[2026-02-25T06:42:56.657Z] GET /expenses - 200 (0ms)
[2026-02-25T06:42:56.658Z] GET /expenses - 200 (1ms)
[2026-02-25T06:42:56.660Z] GET /expenses - 200 (0ms)
[2026-02-25T06:42:56.661Z] GET /expenses - 200 (1ms)
[2026-02-25T06:42:56.663Z] GET /expenses - 200 (1ms)
[2026-02-25T06:42:56.664Z] GET /expenses - 200 (1ms)
[2026-02-25T06:42:56.666Z] GET /expenses - 200 (1ms)
[2026-02-25T06:42:56.668Z] GET /expenses - 200 (0ms)
[2026-02-25T06:42:56.669Z] GET /expenses - 200 (1ms)
[2026-02-25T06:42:56.670Z] GET /expenses - 200 (1ms)
[2026-02-25T06:42:56.672Z] GET /expenses - 200 (1ms)
[2026-02-25T06:42:56.673Z] GET /expenses - 200 (1ms)
[2026-02-25T06:44:27.419Z] POST /backup - 200 (3ms)
[2026-02-25T06:44:27.429Z] GET /backup/list - 200 (1ms)
[2026-02-25T06:44:27.432Z] POST /expenses - 200 (2ms)
[2026-02-25T06:52:32.277Z] GET /health - 200 (0ms)
[2026-02-25T06:52:32.285Z] GET /expenses - 401 (1ms)
[2026-02-25T06:52:32.287Z] GET /expenses - 200 (1ms)
[2026-02-25T06:52:32.290Z] GET /expenses - 200 (1ms)
[2026-02-25T06:52:32.292Z] GET /expenses - 200 (1ms)
[2026-02-25T06:52:32.294Z] GET /expenses - 200 (1ms)
[2026-02-25T06:52:32.296Z] GET /expenses - 200 (1ms)
[2026-02-25T06:52:32.299Z] GET /expenses - 200 (1ms)
[2026-02-25T06:52:32.301Z] GET /expenses - 200 (1ms)
[2026-02-25T06:52:32.304Z] GET /expenses - 200 (1ms)
[2026-02-25T06:52:32.306Z] GET /expenses - 200 (1ms)
[2026-02-25T06:52:32.308Z] GET /expenses - 200 (1ms)
[2026-02-25T06:52:32.310Z] GET /expenses - 200 (1ms)
[2026-02-25T06:52:32.312Z] GET /expenses - 200 (1ms)
[2026-02-25T06:52:32.314Z] GET /expenses - 200 (0ms)
[2026-02-25T06:52:32.315Z] GET /expenses - 200 (1ms)
[2026-02-25T06:52:32.316Z] GET /expenses - 200 (1ms)
[2026-02-25T06:52:32.318Z] GET /expenses - 200 (1ms)
[2026-02-25T06:52:32.320Z] GET /expenses - 200 (1ms)
[2026-02-25T06:52:32.321Z] GET /expenses - 200 (1ms)
[2026-02-25T06:52:32.322Z] GET /expenses - 200 (1ms)
[2026-02-25T06:52:32.324Z] GET /expenses - 200 (0ms)
[2026-02-25T06:52:32.325Z] GET /expenses - 200 (1ms)
[2026-02-25T06:52:32.327Z] GET /expenses - 200 (1ms)
[2026-02-25T06:52:32.329Z] GET /expenses - 200 (0ms)
[2026-02-25T06:52:32.330Z] GET /expenses - 200 (1ms)
[2026-02-25T06:52:32.332Z] GET /expenses - 200 (1ms)
[2026-02-25T06:52:32.334Z] GET /expenses - 200 (1ms)
[2026-02-25T06:52:32.335Z] GET /expenses - 200 (1ms)
[2026-02-25T06:52:32.337Z] GET /expenses - 200 (0ms)
[2026-02-25T06:52:32.338Z] GET /expenses - 200 (1ms)
[2026-02-25T06:52:32.340Z] GET /expenses - 200 (0ms)
[2026-02-25T06:52:32.341Z] GET /expenses - 200 (1ms)
[2026-02-25T06:52:32.342Z] GET /expenses - 200 (1ms)
[2026-02-25T06:52:32.344Z] GET /expenses - 200 (1ms)
[2026-02-25T06:52:32.345Z] GET /expenses - 200 (1ms)
[2026-02-25T06:52:32.347Z] GET /expenses - 200 (0ms)
[2026-02-25T06:52:32.348Z] GET /expenses - 200 (1ms)
[2026-02-25T06:52:32.350Z] GET /expenses - 200 (0ms)
[2026-02-25T06:52:32.351Z] GET /expenses - 200 (1ms)
[2026-02-25T06:52:32.352Z] GET /expenses - 200 (1ms)
[2026-02-25T06:52:32.354Z] GET /expenses - 200 (1ms)
[2026-02-25T06:52:32.355Z] GET /expenses - 200 (1ms)
[2026-02-25T06:52:32.357Z] GET /expenses - 200 (1ms)
[2026-02-25T06:52:32.359Z] GET /expenses - 200 (0ms)
[2026-02-25T06:52:32.360Z] GET /expenses - 200 (2ms)
[2026-02-25T06:52:32.362Z] GET /expenses - 200 (1ms)
[2026-02-25T06:52:32.364Z] GET /expenses - 200 (1ms)
[2026-02-25T06:52:32.365Z] GET /expenses - 200 (1ms)
[2026-02-25T06:52:32.367Z] GET /expenses - 200 (0ms)
[2026-02-25T06:52:32.368Z] GET /expenses - 200 (1ms)
[2026-02-25T06:52:32.369Z] GET /expenses - 200 (1ms)
[2026-02-25T06:52:32.371Z] GET /expenses - 200 (0ms)
[2026-02-25T06:52:32.372Z] GET /expenses - 200 (1ms)
[2026-02-25T06:52:32.373Z] GET /expenses - 200 (2ms)
[2026-02-25T06:52:32.375Z] GET /expenses - 200 (1ms)
[2026-02-25T06:52:32.377Z] GET /expenses - 200 (0ms)
[2026-02-25T06:52:32.378Z] GET /expenses - 200 (1ms)
[2026-02-25T06:52:32.379Z] GET /expenses - 200 (1ms)
[2026-02-25T06:52:32.381Z] GET /expenses - 200 (1ms)
[2026-02-25T06:52:32.382Z] GET /expenses - 200 (1ms)
[2026-02-25T06:52:32.383Z] GET /expenses - 200 (1ms)
[2026-02-25T06:52:32.385Z] GET /expenses - 200 (0ms)
[2026-02-25T06:52:32.386Z] GET /expenses - 200 (1ms)
[2026-02-25T06:52:32.387Z] GET /expenses - 200 (1ms)
[2026-02-25T06:52:32.389Z] GET /expenses - 200 (1ms)
[2026-02-25T06:52:32.390Z] GET /expenses - 200 (1ms)
[2026-02-25T06:52:32.392Z] GET /expenses - 200 (0ms)
[2026-02-25T06:52:32.393Z] GET /expenses - 200 (1ms)
[2026-02-25T06:52:32.394Z] GET /expenses - 200 (1ms)
[2026-02-25T06:52:32.396Z] GET /expenses - 200 (0ms)
[2026-02-25T06:52:32.397Z] GET /expenses - 200 (1ms)
[2026-02-25T06:52:32.398Z] GET /expenses - 200 (1ms)
[2026-02-25T06:52:32.400Z] GET /expenses - 200 (0ms)
[2026-02-25T06:52:32.401Z] GET /expenses - 200 (1ms)
[2026-02-25T06:52:32.402Z] GET /expenses - 200 (1ms)
[2026-02-25T06:52:32.404Z] GET /expenses - 200 (0ms)
[2026-02-25T06:52:32.405Z] GET /expenses - 200 (0ms)
[2026-02-25T06:52:32.406Z] GET /expenses - 200 (1ms)
[2026-02-25T06:52:32.407Z] GET /expenses - 200 (1ms)
[2026-02-25T06:52:32.409Z] GET /expenses - 200 (1ms)
[2026-02-25T06:52:32.410Z] GET /expenses - 200 (1ms)
[2026-02-25T06:52:32.412Z] GET /expenses - 200 (1ms)
[2026-02-25T06:52:32.414Z] GET /expenses - 200 (0ms)
[2026-02-25T06:52:32.415Z] GET /expenses - 200 (1ms)
[2026-02-25T06:52:32.417Z] GET /expenses - 200 (0ms)
[2026-02-25T06:52:32.418Z] GET /expenses - 200 (1ms)
[2026-02-25T06:52:32.419Z] GET /expenses - 200 (1ms)
[2026-02-25T06:52:32.420Z] GET /expenses - 200 (1ms)
[2026-02-25T06:52:32.422Z] GET /expenses - 200 (1ms)
[2026-02-25T06:52:32.424Z] GET /expenses - 200 (1ms)
[2026-02-25T06:52:32.426Z] GET /expenses - 200 (0ms)
[2026-02-25T06:52:32.427Z] GET /expenses - 200 (1ms)
[2026-02-25T06:52:32.429Z] GET /expenses - 200 (1ms)
[2026-02-25T06:52:32.430Z] GET /expenses - 200 (2ms)
[2026-02-25T06:52:32.432Z] GET /expenses - 200 (1ms)
[2026-02-25T06:52:32.433Z] GET /expenses - 200 (1ms)
[2026-02-25T06:52:32.435Z] GET /expenses - 200 (1ms)
[2026-02-25T06:52:32.437Z] GET /expenses - 200 (1ms)
[2026-02-25T06:52:32.438Z] GET /expenses - 200 (1ms)
[2026-02-25T18:38:49.042Z] GET / - 401 (11ms)
[2026-02-25T18:38:49.138Z] GET /favicon.ico - 401 (1ms)
[2026-02-25T18:39:19.055Z] GET /expenses - 200 (3ms)
[2026-02-25T18:39:19.061Z] GET /currency - 200 (1ms)
[2026-02-25T18:39:19.059Z] GET /budget - 200 (1ms)
[2026-02-25T18:39:19.063Z] GET /user - 200 (2ms)
[2026-02-25T18:39:19.066Z] GET /preferences - 200 (2ms)
[2026-02-25T18:39:19.070Z] GET /categories - 200 (2ms)
[2026-02-25T18:39:19.072Z] GET /banks - 200 (1ms)
[2026-02-25T18:39:19.074Z] GET /upi-apps - 200 (1ms)
[2026-02-25T18:39:19.075Z] GET /payment-methods - 200 (2ms)
[2026-02-25T18:39:19.077Z] GET /balances - 200 (2ms)
[2026-02-25T18:41:03.326Z] GET /expenses - 304 (2ms)
[2026-02-25T18:41:03.332Z] GET /budget - 304 (1ms)
[2026-02-25T18:41:03.334Z] GET /currency - 304 (1ms)
[2026-02-25T18:41:03.335Z] GET /user - 304 (1ms)
[2026-02-25T18:41:03.339Z] GET /preferences - 304 (1ms)
[2026-02-25T18:41:03.342Z] GET /categories - 304 (1ms)
[2026-02-25T18:41:03.344Z] GET /payment-methods - 304 (1ms)
[2026-02-25T18:41:03.346Z] GET /banks - 304 (2ms)
[2026-02-25T18:41:03.348Z] GET /upi-apps - 304 (1ms)
[2026-02-25T18:41:03.351Z] GET /balances - 304 (1ms)
[2026-02-25T18:41:31.236Z] GET /expenses - 304 (2ms)
[2026-02-25T18:41:31.242Z] GET /budget - 304 (2ms)
[2026-02-25T18:41:31.250Z] GET /currency - 304 (2ms)
[2026-02-25T18:41:31.256Z] GET /user - 304 (1ms)
[2026-02-25T18:41:31.259Z] GET /preferences - 304 (2ms)
[2026-02-25T18:41:31.263Z] GET /categories - 304 (2ms)
[2026-02-25T18:41:31.269Z] GET /payment-methods - 304 (1ms)
[2026-02-25T18:41:31.272Z] GET /banks - 304 (2ms)
[2026-02-25T18:41:31.276Z] GET /upi-apps - 304 (1ms)
[2026-02-25T18:41:31.280Z] GET /balances - 304 (1ms)
[2026-02-25T18:41:43.178Z] GET /expenses - 304 (1ms)
[2026-02-25T18:41:43.180Z] GET /budget - 304 (1ms)
[2026-02-25T18:41:43.182Z] GET /currency - 304 (1ms)
[2026-02-25T18:41:43.208Z] GET /user - 304 (1ms)
[2026-02-25T18:41:43.218Z] GET /preferences - 304 (2ms)
[2026-02-25T18:41:43.229Z] GET /categories - 304 (1ms)
[2026-02-25T18:41:43.231Z] GET /payment-methods - 304 (2ms)
[2026-02-25T18:41:43.235Z] GET /banks - 304 (1ms)
[2026-02-25T18:41:43.237Z] GET /upi-apps - 304 (1ms)
[2026-02-25T18:41:43.241Z] GET /balances - 304 (1ms)
[2026-02-25T18:42:06.120Z] GET /expenses - 304 (2ms)
[2026-02-25T18:42:06.126Z] GET /budget - 304 (2ms)
[2026-02-25T18:42:06.131Z] GET /currency - 304 (1ms)
[2026-02-25T18:42:06.135Z] GET /user - 304 (1ms)
[2026-02-25T18:42:06.139Z] GET /preferences - 304 (1ms)
[2026-02-25T18:42:06.143Z] GET /categories - 304 (1ms)
[2026-02-25T18:42:06.151Z] GET /payment-methods - 304 (1ms)
[2026-02-25T18:42:06.156Z] GET /banks - 304 (2ms)
[2026-02-25T18:42:06.166Z] GET /upi-apps - 304 (1ms)
[2026-02-25T18:42:06.169Z] GET /balances - 304 (2ms)
[2026-02-25T18:42:17.336Z] GET /expenses - 304 (1ms)
[2026-02-25T18:42:17.339Z] GET /budget - 304 (1ms)
[2026-02-25T18:42:17.342Z] GET /currency - 304 (1ms)
[2026-02-25T18:42:17.344Z] GET /user - 304 (1ms)
[2026-02-25T18:42:17.348Z] GET /preferences - 304 (1ms)
[2026-02-25T18:42:17.350Z] GET /categories - 304 (2ms)
[2026-02-25T18:42:17.354Z] GET /payment-methods - 304 (2ms)
[2026-02-25T18:42:17.359Z] GET /banks - 304 (1ms)
[2026-02-25T18:42:17.364Z] GET /upi-apps - 304 (1ms)
[2026-02-25T18:42:17.368Z] GET /balances - 304 (1ms)
[2026-02-25T18:43:03.495Z] GET /expenses - 304 (1ms)
[2026-02-25T18:43:03.498Z] GET /budget - 304 (2ms)
[2026-02-25T18:43:03.503Z] GET /currency - 304 (1ms)
[2026-02-25T18:43:03.504Z] GET /user - 304 (1ms)
[2026-02-25T18:43:03.507Z] GET /preferences - 304 (1ms)
[2026-02-25T18:43:03.511Z] GET /categories - 304 (1ms)
[2026-02-25T18:43:03.517Z] GET /payment-methods - 304 (1ms)
[2026-02-25T18:43:03.519Z] GET /banks - 304 (1ms)
[2026-02-25T18:43:03.523Z] GET /upi-apps - 304 (2ms)
[2026-02-25T18:43:03.527Z] GET /balances - 304 (1ms)
[2026-02-25T18:43:04.583Z] GET /expenses - 304 (2ms)
[2026-02-25T18:43:04.587Z] GET /budget - 304 (0ms)
[2026-02-25T18:43:04.589Z] GET /currency - 304 (0ms)
[2026-02-25T18:43:04.591Z] GET /user - 304 (1ms)
[2026-02-25T18:43:04.594Z] GET /preferences - 304 (1ms)
[2026-02-25T18:43:04.597Z] GET /categories - 304 (1ms)
[2026-02-25T18:43:04.600Z] GET /payment-methods - 304 (1ms)
[2026-02-25T18:43:04.603Z] GET /banks - 304 (0ms)
[2026-02-25T18:43:04.606Z] GET /upi-apps - 304 (1ms)
[2026-02-25T18:43:04.608Z] GET /balances - 304 (1ms)
[2026-02-27T18:07:28.997Z] GET /expenses - 200 (11ms)
[2026-02-27T18:07:29.014Z] GET /budget - 200 (1ms)
[2026-02-27T18:07:29.015Z] GET /preferences - 200 (1ms)
[2026-02-27T18:07:29.012Z] GET /currency - 200 (1ms)
[2026-02-27T18:07:29.016Z] GET /user - 200 (1ms)
[2026-02-27T18:07:29.018Z] GET /categories - 200 (1ms)
[2026-02-27T18:07:29.021Z] GET /payment-methods - 200 (1ms)
[2026-02-27T18:07:29.023Z] GET /upi-apps - 200 (1ms)
[2026-02-27T18:07:29.022Z] GET /banks - 200 (1ms)
[2026-02-27T18:07:29.032Z] GET /balances - 200 (1ms)
[2026-02-27T18:08:30.175Z] GET /user - 304 (1ms)
[2026-02-27T18:08:30.178Z] GET /currency - 304 (2ms)
[2026-02-27T18:08:30.180Z] GET /budget - 304 (1ms)
[2026-02-27T18:08:30.181Z] GET /preferences - 304 (2ms)
[2026-02-27T18:08:30.189Z] GET /expenses - 304 (1ms)
[2026-02-27T18:08:30.191Z] GET /categories - 304 (2ms)
[2026-02-27T18:08:30.194Z] GET /payment-methods - 304 (1ms)
[2026-02-27T18:08:30.195Z] GET /banks - 304 (2ms)
[2026-02-27T18:08:30.197Z] GET /upi-apps - 304 (1ms)
[2026-02-27T18:08:30.198Z] GET /balances - 304 (1ms)
[2026-02-27T18:11:16.379Z] GET /budget - 304 (1ms)
[2026-02-27T18:11:16.380Z] GET /expenses - 304 (1ms)
[2026-02-27T18:11:16.381Z] GET /user - 304 (1ms)
[2026-02-27T18:11:16.382Z] GET /currency - 304 (1ms)
[2026-02-27T18:11:16.383Z] GET /preferences - 304 (1ms)
[2026-02-27T18:11:16.393Z] GET /payment-methods - 304 (0ms)
[2026-02-27T18:11:16.393Z] GET /categories - 304 (1ms)
[2026-02-27T18:11:16.394Z] GET /banks - 304 (0ms)
[2026-02-27T18:11:16.394Z] GET /upi-apps - 304 (0ms)
[2026-02-27T18:11:16.395Z] GET /balances - 304 (1ms)
[2026-02-27T18:49:18.409Z] GET /currency - 304 (0ms)
[2026-02-27T18:49:18.410Z] GET /user - 304 (0ms)
[2026-02-27T18:49:18.408Z] GET /budget - 304 (1ms)
[2026-02-27T18:49:18.403Z] GET /expenses - 304 (3ms)
[2026-02-27T18:49:18.411Z] GET /preferences - 304 (0ms)
[2026-02-27T18:49:18.414Z] GET /categories - 304 (1ms)
[2026-02-27T18:49:18.417Z] GET /payment-methods - 304 (0ms)
[2026-02-27T18:49:18.419Z] GET /banks - 304 (0ms)
[2026-02-27T18:49:18.418Z] GET /upi-apps - 304 (0ms)
[2026-02-27T18:49:18.423Z] GET /balances - 304 (1ms)
[2026-02-27T18:50:39.155Z] GET /expenses - 304 (2ms)
[2026-02-27T18:50:39.159Z] GET /currency - 304 (0ms)
[2026-02-27T18:50:39.158Z] GET /user - 304 (0ms)
[2026-02-27T18:50:39.158Z] GET /budget - 304 (1ms)
[2026-02-27T18:50:39.160Z] GET /preferences - 304 (0ms)
[2026-02-27T18:50:39.165Z] GET /payment-methods - 304 (2ms)
[2026-02-27T18:50:39.168Z] GET /banks - 304 (1ms)
[2026-02-27T18:50:39.169Z] GET /categories - 304 (2ms)
[2026-02-27T18:50:39.172Z] GET /upi-apps - 304 (1ms)
[2026-02-27T18:50:39.173Z] GET /balances - 304 (1ms)
[2026-02-27T18:51:01.741Z] POST /currency - 200 (3ms)
[2026-02-27T18:53:22.816Z] GET /preferences - 304 (0ms)
[2026-02-27T18:53:22.817Z] GET /expenses - 304 (0ms)
[2026-02-27T18:53:22.818Z] GET /budget - 304 (1ms)
[2026-02-27T18:53:22.819Z] GET /currency - 200 (1ms)
[2026-02-27T18:53:22.820Z] GET /user - 304 (1ms)
[2026-02-27T18:53:22.829Z] GET /payment-methods - 304 (1ms)
[2026-02-27T18:53:22.832Z] GET /upi-apps - 304 (1ms)
[2026-02-27T18:53:22.833Z] GET /banks - 304 (1ms)
[2026-02-27T18:53:22.834Z] GET /categories - 304 (0ms)
[2026-02-27T18:53:22.835Z] GET /balances - 304 (0ms)
[2026-02-27T18:53:54.414Z] GET /currency - 304 (1ms)
[2026-02-27T18:53:54.417Z] GET /user - 304 (1ms)
[2026-02-27T18:53:54.418Z] GET /preferences - 304 (1ms)
[2026-02-27T18:53:54.421Z] GET /expenses - 304 (0ms)
[2026-02-27T18:53:54.426Z] GET /categories - 304 (1ms)
[2026-02-27T18:53:54.427Z] GET /budget - 304 (1ms)
[2026-02-27T18:53:54.433Z] GET /payment-methods - 304 (1ms)
[2026-02-27T18:53:54.439Z] GET /banks - 304 (1ms)
[2026-02-27T18:53:54.440Z] GET /upi-apps - 304 (1ms)
[2026-02-27T18:53:54.441Z] GET /balances - 304 (1ms)
[2026-02-27T18:54:34.878Z] GET /currency - 304 (1ms)
[2026-02-27T18:54:34.879Z] GET /preferences - 304 (1ms)
[2026-02-27T18:54:34.881Z] GET /user - 304 (0ms)
[2026-02-27T18:54:34.882Z] GET /budget - 304 (0ms)
[2026-02-27T18:54:34.882Z] GET /expenses - 304 (1ms)
[2026-02-27T18:54:34.886Z] GET /payment-methods - 304 (1ms)
[2026-02-27T18:54:34.887Z] GET /categories - 304 (1ms)
[2026-02-27T18:54:34.889Z] GET /banks - 304 (0ms)
[2026-02-27T18:54:34.889Z] GET /upi-apps - 304 (0ms)
[2026-02-27T18:54:34.890Z] GET /balances - 304 (0ms)
[2026-02-27T18:55:55.135Z] PUT /budget - 200 (1ms)
[2026-02-27T19:02:42.160Z] GET /expenses - 200 (0ms)
[2026-02-27T19:02:42.162Z] GET /preferences - 200 (0ms)
[2026-02-27T19:02:42.161Z] GET /currency - 200 (0ms)
[2026-02-27T19:02:42.162Z] GET /user - 200 (0ms)
[2026-02-27T19:02:42.160Z] GET /budget - 200 (1ms)
[2026-02-27T19:02:42.173Z] GET /categories - 200 (0ms)
[2026-02-27T19:02:42.174Z] GET /banks - 200 (1ms)
[2026-02-27T19:02:42.175Z] GET /upi-apps - 200 (1ms)
[2026-02-27T19:02:42.175Z] GET /payment-methods - 200 (0ms)
[2026-02-27T19:02:42.176Z] GET /balances - 200 (0ms)
[2026-02-27T19:04:28.600Z] GET /currency - 200 (0ms)
[2026-02-27T19:04:28.599Z] GET /budget - 200 (0ms)
[2026-02-27T19:04:28.601Z] GET /expenses - 304 (0ms)
[2026-02-27T19:04:28.601Z] GET /preferences - 304 (1ms)
[2026-02-27T19:04:28.602Z] GET /user - 304 (0ms)
[2026-02-27T19:04:28.614Z] GET /payment-methods - 304 (0ms)
[2026-02-27T19:04:28.614Z] GET /categories - 304 (1ms)
[2026-02-27T19:04:28.617Z] GET /banks - 304 (0ms)
[2026-02-27T19:04:28.618Z] GET /upi-apps - 304 (0ms)
[2026-02-27T19:04:28.623Z] GET /balances - 304 (1ms)
[2026-02-27T19:05:48.770Z] GET /expenses - 304 (1ms)
[2026-02-27T19:05:48.771Z] GET /preferences - 304 (1ms)
[2026-02-27T19:05:48.772Z] GET /currency - 304 (0ms)
[2026-02-27T19:05:48.773Z] GET /budget - 304 (0ms)
[2026-02-27T19:05:48.773Z] GET /user - 304 (0ms)
[2026-02-27T19:05:48.777Z] GET /categories - 304 (0ms)
[2026-02-27T19:05:48.779Z] GET /payment-methods - 304 (1ms)
[2026-02-27T19:05:48.781Z] GET /upi-apps - 304 (0ms)
[2026-02-27T19:05:48.782Z] GET /banks - 304 (0ms)
[2026-02-27T19:05:48.783Z] GET /balances - 304 (0ms)
[2026-02-27T19:16:12.932Z] GET /expenses - 304 (1ms)
[2026-02-27T19:16:13.016Z] GET /expenses - 304 (1ms)
[2026-02-27T19:16:13.100Z] GET /budget - 304 (1ms)
[2026-02-27T19:16:13.103Z] GET /budget - 304 (0ms)
[2026-02-27T19:16:13.165Z] GET /currency - 304 (0ms)
[2026-02-27T19:16:13.165Z] GET /currency - 304 (1ms)
[2026-02-27T19:16:13.177Z] GET /user - 304 (1ms)
[2026-02-27T19:16:13.178Z] GET /user - 304 (0ms)
[2026-02-27T19:16:13.235Z] GET /preferences - 304 (0ms)
[2026-02-27T19:16:13.236Z] GET /preferences - 304 (0ms)
[2026-02-27T19:16:13.286Z] GET /categories - 304 (1ms)
[2026-02-27T19:16:13.287Z] GET /categories - 304 (0ms)
[2026-02-27T19:16:13.336Z] GET /payment-methods - 304 (0ms)
[2026-02-27T19:16:13.336Z] GET /payment-methods - 304 (1ms)
[2026-02-27T19:16:13.418Z] GET /banks - 304 (1ms)
[2026-02-27T19:16:13.419Z] GET /banks - 304 (0ms)
[2026-02-27T19:16:13.511Z] GET /upi-apps - 304 (0ms)
[2026-02-27T19:16:13.512Z] GET /upi-apps - 304 (0ms)
[2026-02-27T19:16:13.562Z] GET /balances - 304 (1ms)
[2026-02-27T19:16:13.564Z] GET /balances - 304 (0ms)
[2026-02-27T19:24:12.734Z] GET /expenses - 304 (1ms)
[2026-02-27T19:24:12.821Z] GET /budget - 304 (1ms)
[2026-02-27T19:24:12.840Z] GET /currency - 304 (0ms)
[2026-02-27T19:24:12.855Z] GET /user - 304 (1ms)
[2026-02-27T19:24:12.936Z] GET /preferences - 304 (1ms)
[2026-02-27T19:24:12.964Z] GET /categories - 304 (1ms)
[2026-02-27T19:24:13.038Z] GET /payment-methods - 304 (1ms)
[2026-02-27T19:24:13.096Z] GET /banks - 304 (0ms)
[2026-02-27T19:24:13.170Z] GET /upi-apps - 304 (1ms)
[2026-02-27T19:24:13.243Z] GET /balances - 304 (1ms)
[2026-02-27T19:25:41.844Z] GET /expenses - 200 (1ms)
[2026-02-27T19:25:41.917Z] GET /budget - 200 (0ms)
[2026-02-27T19:25:41.925Z] GET /currency - 200 (1ms)
[2026-02-27T19:25:41.931Z] GET /user - 200 (1ms)
[2026-02-27T19:25:41.936Z] GET /preferences - 200 (1ms)
[2026-02-27T19:25:41.940Z] GET /categories - 200 (1ms)
[2026-02-27T19:25:41.944Z] GET /payment-methods - 200 (1ms)
[2026-02-27T19:25:41.948Z] GET /banks - 200 (1ms)
[2026-02-27T19:25:41.953Z] GET /upi-apps - 200 (0ms)
[2026-02-27T19:25:41.957Z] GET /balances - 200 (1ms)
[2026-02-27T19:28:15.901Z] GET /expenses - 304 (1ms)
[2026-02-27T19:28:15.953Z] GET /budget - 304 (0ms)
[2026-02-27T19:28:15.988Z] GET /currency - 304 (1ms)
[2026-02-27T19:28:15.994Z] GET /user - 304 (1ms)
[2026-02-27T19:28:16.017Z] GET /preferences - 304 (1ms)
[2026-02-27T19:28:16.035Z] GET /categories - 304 (1ms)
[2026-02-27T19:28:16.061Z] GET /payment-methods - 304 (0ms)
[2026-02-27T19:28:16.100Z] GET /banks - 304 (1ms)
[2026-02-27T19:28:16.141Z] GET /upi-apps - 304 (1ms)
[2026-02-27T19:28:16.166Z] GET /balances - 304 (0ms)
[2026-02-27T19:29:32.016Z] GET /expenses - 304 (0ms)
[2026-02-27T19:29:32.035Z] GET /budget - 304 (1ms)
[2026-02-27T19:29:32.115Z] GET /currency - 304 (0ms)
[2026-02-27T19:29:32.125Z] GET /user - 304 (0ms)
[2026-02-27T19:29:32.217Z] GET /preferences - 304 (0ms)
[2026-02-27T19:29:32.232Z] GET /categories - 304 (1ms)
[2026-02-27T19:29:32.314Z] GET /payment-methods - 304 (0ms)
[2026-02-27T19:29:32.500Z] GET /banks - 304 (0ms)
[2026-02-27T19:29:32.534Z] GET /upi-apps - 304 (1ms)
[2026-02-27T19:29:32.630Z] GET /balances - 304 (0ms)
[2026-02-27T19:33:13.096Z] GET /expenses - 304 (0ms)
[2026-02-27T19:33:13.118Z] GET /budget - 304 (1ms)
[2026-02-27T19:33:13.499Z] GET /currency - 304 (1ms)
[2026-02-27T19:33:13.524Z] GET /user - 304 (0ms)
[2026-02-27T19:33:13.572Z] GET /preferences - 304 (1ms)
[2026-02-27T19:33:13.637Z] GET /categories - 304 (1ms)
[2026-02-27T19:33:13.880Z] GET /payment-methods - 304 (1ms)
[2026-02-27T19:33:13.908Z] GET /banks - 304 (1ms)
[2026-02-27T19:33:14.318Z] GET /upi-apps - 304 (2ms)
[2026-02-27T19:33:14.339Z] GET /balances - 304 (1ms)
[2026-02-27T19:33:22.744Z] GET /expenses - 304 (0ms)
[2026-02-27T19:33:22.847Z] GET /budget - 304 (1ms)
[2026-02-27T19:33:22.895Z] GET /currency - 304 (1ms)
[2026-02-27T19:33:22.903Z] GET /user - 304 (1ms)
[2026-02-27T19:33:22.945Z] GET /preferences - 304 (1ms)
[2026-02-27T19:33:22.978Z] GET /categories - 304 (1ms)
[2026-02-27T19:33:23.015Z] GET /payment-methods - 304 (0ms)
[2026-02-27T19:33:23.068Z] GET /banks - 304 (0ms)
[2026-02-27T19:33:23.112Z] GET /upi-apps - 304 (1ms)
[2026-02-27T19:33:23.170Z] GET /balances - 304 (1ms)
[2026-02-27T19:34:29.513Z] GET /expenses - 304 (0ms)
[2026-02-27T19:34:29.565Z] GET /expenses - 304 (1ms)
[2026-02-27T19:34:29.583Z] GET /budget - 304 (1ms)
[2026-02-27T19:34:29.600Z] GET /budget - 304 (1ms)
[2026-02-27T19:34:29.617Z] GET /currency - 304 (0ms)
[2026-02-27T19:34:29.618Z] GET /currency - 304 (1ms)
[2026-02-27T19:34:29.621Z] GET /user - 304 (1ms)
[2026-02-27T19:34:29.640Z] GET /user - 304 (1ms)
[2026-02-27T19:34:29.641Z] GET /preferences - 304 (0ms)
[2026-02-27T19:34:29.653Z] GET /preferences - 304 (1ms)
[2026-02-27T19:34:29.654Z] GET /categories - 304 (1ms)
[2026-02-27T19:34:29.669Z] GET /categories - 304 (1ms)
[2026-02-27T19:34:29.670Z] GET /payment-methods - 304 (1ms)
[2026-02-27T19:34:29.699Z] GET /payment-methods - 304 (1ms)
[2026-02-27T19:34:29.719Z] GET /banks - 304 (0ms)
[2026-02-27T19:34:29.733Z] GET /banks - 304 (1ms)
[2026-02-27T19:34:29.748Z] GET /upi-apps - 304 (1ms)
[2026-02-27T19:34:29.762Z] GET /upi-apps - 304 (1ms)
[2026-02-27T19:34:29.780Z] GET /balances - 304 (0ms)
[2026-02-27T19:34:29.792Z] GET /balances - 304 (1ms)
[2026-02-27T19:35:25.502Z] GET /expenses - 304 (1ms)
[2026-02-27T19:35:25.591Z] GET /expenses - 304 (1ms)
[2026-02-27T19:35:25.727Z] GET /budget - 304 (1ms)
[2026-02-27T19:35:25.730Z] GET /budget - 304 (0ms)
[2026-02-27T19:35:25.790Z] GET /currency - 304 (1ms)
[2026-02-27T19:35:25.791Z] GET /currency - 304 (1ms)
[2026-02-27T19:35:25.809Z] GET /user - 304 (1ms)
[2026-02-27T19:35:25.810Z] GET /user - 304 (0ms)
[2026-02-27T19:35:25.868Z] GET /preferences - 304 (1ms)
[2026-02-27T19:35:25.869Z] GET /preferences - 304 (1ms)
[2026-02-27T19:35:25.928Z] GET /categories - 304 (0ms)
[2026-02-27T19:35:25.929Z] GET /categories - 304 (0ms)
[2026-02-27T19:35:25.986Z] GET /payment-methods - 304 (1ms)
[2026-02-27T19:35:25.987Z] GET /payment-methods - 304 (0ms)
[2026-02-27T19:35:26.089Z] GET /banks - 304 (0ms)
[2026-02-27T19:35:26.090Z] GET /banks - 304 (0ms)
[2026-02-27T19:35:26.218Z] GET /upi-apps - 304 (1ms)
[2026-02-27T19:35:26.219Z] GET /upi-apps - 304 (1ms)
[2026-02-27T19:35:26.277Z] GET /balances - 304 (1ms)
[2026-02-27T19:35:26.278Z] GET /balances - 304 (1ms)
[2026-02-28T08:43:37.534Z] GET /expenses - 304 (3ms)
[2026-02-28T08:43:37.586Z] GET /budget - 304 (2ms)
[2026-02-28T08:43:37.592Z] GET /currency - 304 (1ms)
[2026-02-28T08:43:37.596Z] GET /user - 304 (1ms)
[2026-02-28T08:43:37.600Z] GET /preferences - 304 (1ms)
[2026-02-28T08:43:37.606Z] GET /categories - 304 (0ms)
[2026-02-28T08:43:37.610Z] GET /payment-methods - 304 (1ms)
[2026-02-28T08:43:37.613Z] GET /banks - 304 (1ms)
[2026-02-28T08:43:37.616Z] GET /upi-apps - 304 (1ms)
[2026-02-28T08:43:37.620Z] GET /balances - 304 (1ms)
[2026-02-28T08:46:41.980Z] GET /expenses - 304 (0ms)
[2026-02-28T08:46:42.003Z] GET /budget - 304 (1ms)
[2026-02-28T08:46:42.019Z] GET /currency - 304 (0ms)
[2026-02-28T08:46:42.023Z] GET /user - 304 (0ms)
[2026-02-28T08:46:42.040Z] GET /preferences - 304 (0ms)
[2026-02-28T08:46:42.054Z] GET /categories - 304 (0ms)
[2026-02-28T08:46:42.069Z] GET /payment-methods - 304 (0ms)
[2026-02-28T08:46:42.095Z] GET /banks - 304 (1ms)
[2026-02-28T08:46:42.117Z] GET /upi-apps - 304 (0ms)
[2026-02-28T08:46:42.132Z] GET /balances - 304 (0ms)
[2026-02-28T09:51:29.546Z] GET /expenses - 304 (2ms)
[2026-02-28T09:51:29.575Z] GET /expenses - 304 (1ms)
[2026-02-28T09:51:29.606Z] GET /budget - 304 (0ms)
[2026-02-28T09:51:29.620Z] GET /budget - 304 (1ms)
[2026-02-28T09:51:29.638Z] GET /currency - 304 (1ms)
[2026-02-28T09:51:29.642Z] GET /currency - 304 (1ms)
[2026-02-28T09:51:29.646Z] GET /user - 304 (1ms)
[2026-02-28T09:51:29.665Z] GET /user - 304 (1ms)
[2026-02-28T09:51:29.684Z] GET /preferences - 304 (0ms)
[2026-02-28T09:51:29.702Z] GET /preferences - 304 (1ms)
[2026-02-28T09:51:29.726Z] GET /categories - 304 (1ms)
[2026-02-28T09:51:29.740Z] GET /categories - 304 (1ms)
[2026-02-28T09:51:29.761Z] GET /payment-methods - 304 (0ms)
[2026-02-28T09:51:29.781Z] GET /payment-methods - 304 (0ms)
[2026-02-28T09:51:29.793Z] GET /banks - 304 (1ms)
[2026-02-28T09:51:29.812Z] GET /banks - 304 (1ms)
[2026-02-28T09:51:29.824Z] GET /upi-apps - 304 (1ms)
[2026-02-28T09:51:29.836Z] GET /upi-apps - 304 (1ms)
[2026-02-28T09:51:29.848Z] GET /balances - 304 (1ms)
[2026-02-28T09:51:29.863Z] GET /balances - 304 (1ms)
[2026-02-28T09:53:00.778Z] GET /expenses - 304 (2ms)
[2026-02-28T09:53:00.816Z] GET /budget - 304 (1ms)
[2026-02-28T09:53:00.836Z] GET /currency - 304 (0ms)
[2026-02-28T09:53:00.859Z] GET /user - 304 (1ms)
[2026-02-28T09:53:00.875Z] GET /preferences - 304 (1ms)
[2026-02-28T09:53:00.893Z] GET /categories - 304 (1ms)
[2026-02-28T09:53:00.911Z] GET /payment-methods - 304 (0ms)
[2026-02-28T09:53:00.928Z] GET /banks - 304 (1ms)
[2026-02-28T09:53:00.961Z] GET /upi-apps - 304 (0ms)
[2026-02-28T09:53:00.992Z] GET /balances - 304 (1ms)
[2026-02-28T10:02:09.120Z] GET /expenses - 304 (1ms)
[2026-02-28T10:02:09.155Z] GET /budget - 304 (1ms)
[2026-02-28T10:02:09.166Z] GET /currency - 304 (0ms)
[2026-02-28T10:02:09.175Z] GET /user - 304 (0ms)
[2026-02-28T10:02:09.191Z] GET /preferences - 304 (0ms)
[2026-02-28T10:02:09.202Z] GET /categories - 304 (1ms)
[2026-02-28T10:02:09.217Z] GET /payment-methods - 304 (0ms)
[2026-02-28T10:02:09.225Z] GET /banks - 304 (0ms)
[2026-02-28T10:02:09.234Z] GET /upi-apps - 304 (0ms)
[2026-02-28T10:02:09.252Z] GET /balances - 304 (1ms)
[2026-02-28T10:22:12.178Z] GET /expenses - 304 (4ms)
[2026-02-28T10:22:12.226Z] GET /budget - 304 (2ms)
[2026-02-28T10:22:12.237Z] GET /currency - 304 (1ms)
[2026-02-28T10:22:12.255Z] GET /user - 304 (1ms)
[2026-02-28T10:22:12.271Z] GET /preferences - 304 (1ms)
[2026-02-28T10:22:12.288Z] GET /categories - 304 (0ms)
[2026-02-28T10:22:12.303Z] GET /payment-methods - 304 (1ms)
[2026-02-28T10:22:12.320Z] GET /banks - 304 (1ms)
[2026-02-28T10:22:12.345Z] GET /upi-apps - 304 (1ms)
[2026-02-28T10:22:12.363Z] GET /balances - 304 (1ms)
[2026-02-28T10:25:34.436Z] GET /expenses - 304 (1ms)
[2026-02-28T10:25:34.491Z] GET /expenses - 304 (1ms)
[2026-02-28T10:25:34.573Z] GET /budget - 304 (3ms)
[2026-02-28T10:25:34.604Z] GET /budget - 304 (1ms)
[2026-02-28T10:25:34.629Z] GET /currency - 304 (1ms)
[2026-02-28T10:25:34.634Z] GET /currency - 304 (1ms)
[2026-02-28T10:25:34.641Z] GET /user - 304 (0ms)
[2026-02-28T10:25:34.656Z] GET /user - 304 (1ms)
[2026-02-28T10:25:34.683Z] GET /preferences - 304 (0ms)
[2026-02-28T10:25:34.702Z] GET /preferences - 304 (0ms)
[2026-02-28T10:25:34.725Z] GET /categories - 304 (1ms)
[2026-02-28T10:25:34.746Z] GET /categories - 304 (1ms)
[2026-02-28T10:25:34.787Z] GET /payment-methods - 304 (1ms)
[2026-02-28T10:25:34.803Z] GET /payment-methods - 304 (1ms)
[2026-02-28T10:25:34.839Z] GET /banks - 304 (1ms)
[2026-02-28T10:25:34.854Z] GET /banks - 304 (1ms)
[2026-02-28T10:25:34.887Z] GET /upi-apps - 304 (0ms)
[2026-02-28T10:25:34.901Z] GET /upi-apps - 304 (1ms)
[2026-02-28T10:25:34.921Z] GET /balances - 304 (1ms)
[2026-02-28T10:25:34.939Z] GET /balances - 304 (0ms)
[2026-02-28T10:25:54.614Z] GET /expenses - 200 (1ms)
[2026-02-28T10:25:54.662Z] GET /budget - 200 (1ms)
[2026-02-28T10:25:54.668Z] GET /currency - 200 (1ms)
[2026-02-28T10:25:54.673Z] GET /user - 200 (0ms)
[2026-02-28T10:25:54.678Z] GET /preferences - 200 (1ms)
[2026-02-28T10:25:54.682Z] GET /categories - 200 (1ms)
[2026-02-28T10:25:54.687Z] GET /payment-methods - 200 (0ms)
[2026-02-28T10:25:54.691Z] GET /banks - 200 (1ms)
[2026-02-28T10:25:54.698Z] GET /upi-apps - 200 (1ms)
[2026-02-28T10:25:54.703Z] GET /balances - 200 (0ms)
[2026-02-28T10:35:26.367Z] GET /expenses - 304 (1ms)
[2026-02-28T10:35:26.405Z] GET /budget - 304 (1ms)
[2026-02-28T10:35:26.415Z] GET /currency - 304 (0ms)
[2026-02-28T10:35:26.432Z] GET /user - 304 (0ms)
[2026-02-28T10:35:26.448Z] GET /preferences - 304 (1ms)
[2026-02-28T10:35:26.465Z] GET /categories - 304 (0ms)
[2026-02-28T10:35:26.483Z] GET /payment-methods - 304 (1ms)
[2026-02-28T10:35:26.500Z] GET /banks - 304 (1ms)
[2026-02-28T10:35:26.517Z] GET /upi-apps - 304 (1ms)
[2026-02-28T10:35:26.531Z] GET /balances - 304 (1ms)
[2026-02-28T10:35:37.227Z] GET /expenses - 304 (0ms)
[2026-02-28T10:35:37.374Z] GET /budget - 304 (1ms)
[2026-02-28T10:35:37.388Z] GET /currency - 304 (0ms)
[2026-02-28T10:35:37.477Z] GET /user - 304 (1ms)
[2026-02-28T10:35:37.487Z] GET /preferences - 304 (1ms)
[2026-02-28T10:35:37.579Z] GET /categories - 304 (1ms)
[2026-02-28T10:35:37.600Z] GET /payment-methods - 304 (0ms)
[2026-02-28T10:35:37.687Z] GET /banks - 304 (0ms)
[2026-02-28T10:35:37.784Z] GET /upi-apps - 304 (1ms)
[2026-02-28T10:35:37.886Z] GET /balances - 304 (1ms)
[2026-02-28T10:35:51.827Z] PUT /preferences - 200 (1ms)
[2026-02-28T10:35:52.729Z] PUT /preferences - 200 (1ms)
[2026-02-28T10:35:53.554Z] PUT /preferences - 200 (1ms)
[2026-02-28T10:35:54.293Z] PUT /preferences - 200 (1ms)
[2026-02-28T10:35:59.709Z] GET /expenses - 304 (1ms)
[2026-02-28T10:35:59.903Z] GET /budget - 304 (0ms)
[2026-02-28T10:36:00.087Z] GET /currency - 304 (0ms)
[2026-02-28T10:36:00.099Z] GET /user - 304 (0ms)
[2026-02-28T10:36:00.224Z] GET /preferences - 200 (1ms)
[2026-02-28T10:36:00.370Z] GET /categories - 304 (1ms)
[2026-02-28T10:36:00.505Z] GET /payment-methods - 304 (1ms)
[2026-02-28T10:36:00.680Z] GET /banks - 304 (1ms)
[2026-02-28T10:36:00.937Z] GET /upi-apps - 304 (1ms)
[2026-02-28T10:36:00.966Z] GET /balances - 304 (0ms)
[2026-02-28T10:38:00.724Z] GET /expenses - 304 (1ms)
[2026-02-28T10:38:00.745Z] GET /budget - 304 (1ms)
[2026-02-28T10:38:00.751Z] GET /currency - 304 (1ms)
[2026-02-28T10:38:00.758Z] GET /user - 304 (1ms)
[2026-02-28T10:38:00.768Z] GET /preferences - 200 (0ms)
[2026-02-28T10:38:00.775Z] GET /categories - 304 (1ms)
[2026-02-28T10:38:00.784Z] GET /payment-methods - 304 (0ms)
[2026-02-28T10:38:00.791Z] GET /banks - 304 (1ms)
[2026-02-28T10:38:00.800Z] GET /upi-apps - 304 (1ms)
[2026-02-28T10:38:00.807Z] GET /balances - 304 (1ms)
[2026-02-28T10:38:31.455Z] GET /expenses - 304 (1ms)
[2026-02-28T10:38:31.473Z] GET /budget - 304 (1ms)
[2026-02-28T10:38:31.552Z] GET /currency - 304 (1ms)
[2026-02-28T10:38:31.563Z] GET /user - 304 (1ms)
[2026-02-28T10:38:31.607Z] GET /preferences - 304 (1ms)
[2026-02-28T10:38:31.657Z] GET /categories - 304 (1ms)
[2026-02-28T10:38:31.761Z] GET /payment-methods - 304 (0ms)
[2026-02-28T10:38:31.772Z] GET /banks - 304 (1ms)
[2026-02-28T10:38:31.862Z] GET /upi-apps - 304 (0ms)
[2026-02-28T10:38:31.889Z] GET /balances - 304 (0ms)
[2026-02-28T17:01:45.727Z] GET /expenses - 200 (6ms)
[2026-02-28T17:01:45.936Z] GET /budget - 200 (2ms)
[2026-02-28T17:01:46.044Z] GET /currency - 200 (2ms)
[2026-02-28T17:01:46.068Z] GET /user - 200 (2ms)
[2026-02-28T17:01:46.146Z] GET /preferences - 200 (1ms)
[2026-02-28T17:01:46.253Z] GET /categories - 200 (1ms)
[2026-02-28T17:01:46.392Z] GET /payment-methods - 200 (1ms)
[2026-02-28T17:01:46.591Z] GET /banks - 200 (1ms)
[2026-02-28T17:01:46.759Z] GET /upi-apps - 200 (1ms)
[2026-02-28T17:01:46.928Z] GET /balances - 200 (1ms)
[2026-02-28T17:03:59.814Z] POST /categories - 200 (2ms)
[2026-02-28T17:08:19.840Z] GET /expenses - 304 (2ms)
[2026-02-28T17:08:20.256Z] GET /budget - 304 (1ms)
[2026-02-28T17:08:20.438Z] GET /currency - 304 (1ms)
[2026-02-28T17:08:20.455Z] GET /user - 304 (1ms)
[2026-02-28T17:08:20.607Z] GET /preferences - 304 (1ms)
[2026-02-28T17:08:20.741Z] GET /categories - 200 (0ms)
[2026-02-28T17:08:20.880Z] GET /payment-methods - 304 (1ms)
[2026-02-28T17:08:21.023Z] GET /banks - 304 (0ms)
[2026-02-28T17:08:21.157Z] GET /upi-apps - 304 (0ms)
[2026-02-28T17:08:21.297Z] GET /balances - 304 (1ms)
[2026-02-28T17:10:50.460Z] GET /expenses - 304 (1ms)
[2026-02-28T17:10:50.684Z] GET /budget - 304 (1ms)
[2026-02-28T17:10:50.772Z] GET /currency - 304 (1ms)
[2026-02-28T17:10:50.825Z] GET /user - 304 (1ms)
[2026-02-28T17:10:50.869Z] GET /preferences - 304 (1ms)
[2026-02-28T17:10:50.930Z] GET /categories - 304 (1ms)
[2026-02-28T17:10:50.983Z] GET /payment-methods - 304 (1ms)
[2026-02-28T17:10:51.090Z] GET /banks - 304 (1ms)
[2026-02-28T17:10:51.176Z] GET /upi-apps - 304 (1ms)
[2026-02-28T17:10:51.485Z] GET /balances - 304 (1ms)
[2026-02-28T17:13:01.690Z] GET /expenses - 304 (1ms)
[2026-02-28T17:13:01.756Z] GET /expenses - 304 (1ms)
[2026-02-28T17:13:01.792Z] GET /budget - 304 (1ms)
[2026-02-28T17:13:01.811Z] GET /budget - 304 (1ms)
[2026-02-28T17:13:01.841Z] GET /currency - 304 (1ms)
[2026-02-28T17:13:01.846Z] GET /currency - 304 (1ms)
[2026-02-28T17:13:01.856Z] GET /user - 304 (1ms)
[2026-02-28T17:13:01.877Z] GET /user - 304 (1ms)
[2026-02-28T17:13:01.884Z] GET /preferences - 304 (1ms)
[2026-02-28T17:13:01.902Z] GET /preferences - 304 (0ms)
[2026-02-28T17:13:01.909Z] GET /categories - 304 (0ms)
[2026-02-28T17:13:01.927Z] GET /categories - 304 (1ms)
[2026-02-28T17:13:01.934Z] GET /payment-methods - 304 (1ms)
[2026-02-28T17:13:01.971Z] GET /payment-methods - 304 (1ms)
[2026-02-28T17:13:01.977Z] GET /banks - 304 (1ms)
[2026-02-28T17:13:02.016Z] GET /banks - 304 (2ms)
[2026-02-28T17:13:02.023Z] GET /upi-apps - 304 (1ms)
[2026-02-28T17:13:02.060Z] GET /upi-apps - 304 (0ms)
[2026-02-28T17:13:02.067Z] GET /balances - 304 (1ms)
[2026-02-28T17:13:02.083Z] GET /balances - 304 (1ms)
[2026-02-28T17:19:41.385Z] GET /expenses - 304 (1ms)
[2026-02-28T17:19:41.452Z] GET /expenses - 304 (1ms)
[2026-02-28T17:19:41.488Z] GET /budget - 304 (1ms)
[2026-02-28T17:19:41.507Z] GET /budget - 304 (0ms)
[2026-02-28T17:19:41.540Z] GET /currency - 304 (1ms)
[2026-02-28T17:19:41.542Z] GET /currency - 304 (0ms)
[2026-02-28T17:19:41.556Z] GET /user - 304 (0ms)
[2026-02-28T17:19:41.557Z] GET /user - 304 (1ms)
[2026-02-28T17:19:41.588Z] GET /preferences - 304 (1ms)
[2026-02-28T17:19:41.589Z] GET /preferences - 304 (1ms)
[2026-02-28T17:19:41.611Z] GET /categories - 304 (1ms)
[2026-02-28T17:19:41.613Z] GET /categories - 304 (1ms)
[2026-02-28T17:19:41.638Z] GET /payment-methods - 304 (0ms)
[2026-02-28T17:19:41.639Z] GET /payment-methods - 304 (1ms)
[2026-02-28T17:19:41.689Z] GET /banks - 304 (1ms)
[2026-02-28T17:19:41.691Z] GET /banks - 304 (0ms)
[2026-02-28T17:19:41.735Z] GET /upi-apps - 304 (1ms)
[2026-02-28T17:19:41.736Z] GET /upi-apps - 304 (1ms)
[2026-02-28T17:19:41.765Z] GET /balances - 304 (1ms)
[2026-02-28T17:19:41.767Z] GET /balances - 304 (0ms)
[2026-02-28T17:23:25.912Z] GET /categories - 401 (1ms)
[2026-02-28T17:24:50.035Z] GET /categories - 200 (0ms)
[2026-02-28T17:25:42.841Z] DELETE /categories/1772298239814 - 200 (2ms)
[2026-02-28T17:30:15.461Z] GET /expenses - 304 (1ms)
[2026-02-28T17:30:15.651Z] GET /budget - 304 (1ms)
[2026-02-28T17:30:15.687Z] GET /currency - 304 (1ms)
[2026-02-28T17:30:15.729Z] GET /user - 304 (1ms)
[2026-02-28T17:30:15.783Z] GET /preferences - 304 (0ms)
[2026-02-28T17:30:15.846Z] GET /categories - 200 (0ms)
[2026-02-28T17:30:15.914Z] GET /payment-methods - 304 (1ms)
[2026-02-28T17:30:15.952Z] GET /banks - 304 (1ms)
[2026-02-28T17:30:16.007Z] GET /upi-apps - 304 (1ms)
[2026-02-28T17:30:16.053Z] GET /balances - 304 (1ms)
[2026-02-28T17:30:50.994Z] GET /expenses - 304 (1ms)
[2026-02-28T17:30:51.108Z] GET /budget - 304 (1ms)
[2026-02-28T17:30:51.155Z] GET /currency - 304 (1ms)
[2026-02-28T17:30:51.170Z] GET /user - 304 (1ms)
[2026-02-28T17:30:51.200Z] GET /preferences - 304 (1ms)
[2026-02-28T17:30:51.228Z] GET /categories - 304 (0ms)
[2026-02-28T17:30:51.254Z] GET /payment-methods - 304 (1ms)
[2026-02-28T17:30:51.313Z] GET /banks - 304 (1ms)
[2026-02-28T17:30:51.383Z] GET /upi-apps - 304 (1ms)
[2026-02-28T17:30:51.440Z] GET /balances - 304 (1ms)
[2026-02-28T17:32:18.859Z] GET /expenses - 304 (1ms)
[2026-02-28T17:32:18.991Z] GET /budget - 304 (1ms)
[2026-02-28T17:32:19.023Z] GET /currency - 304 (1ms)
[2026-02-28T17:32:19.044Z] GET /user - 304 (1ms)
[2026-02-28T17:32:19.091Z] GET /preferences - 304 (1ms)
[2026-02-28T17:32:19.142Z] GET /categories - 304 (1ms)
[2026-02-28T17:32:19.188Z] GET /payment-methods - 304 (0ms)
[2026-02-28T17:32:19.292Z] GET /banks - 304 (0ms)
[2026-02-28T17:32:19.362Z] GET /upi-apps - 304 (1ms)
[2026-02-28T17:32:19.422Z] GET /balances - 304 (1ms)
[2026-02-28T17:32:27.262Z] GET /expenses - 304 (1ms)
[2026-02-28T17:32:27.313Z] GET /budget - 304 (1ms)
[2026-02-28T17:32:27.361Z] GET /currency - 304 (1ms)
[2026-02-28T17:32:27.383Z] GET /user - 304 (1ms)
[2026-02-28T17:32:27.436Z] GET /preferences - 304 (1ms)
[2026-02-28T17:32:27.479Z] GET /categories - 304 (1ms)
[2026-02-28T17:32:27.528Z] GET /payment-methods - 304 (1ms)
[2026-02-28T17:32:27.614Z] GET /banks - 304 (1ms)
[2026-02-28T17:32:27.716Z] GET /upi-apps - 304 (1ms)
[2026-02-28T17:32:27.771Z] GET /balances - 304 (0ms)
[2026-02-28T17:33:37.208Z] POST /categories - 200 (2ms)
[2026-02-28T17:33:48.774Z] DELETE /categories/1772300017208 - 200 (2ms)
[2026-02-28T17:42:18.400Z] GET /expenses - 304 (1ms)
[2026-02-28T17:42:18.676Z] GET /budget - 304 (1ms)
[2026-02-28T17:42:18.788Z] GET /currency - 304 (1ms)
[2026-02-28T17:42:18.808Z] GET /user - 304 (1ms)
[2026-02-28T17:42:18.944Z] GET /preferences - 304 (1ms)
[2026-02-28T17:42:19.088Z] GET /categories - 200 (1ms)
[2026-02-28T17:42:19.226Z] GET /payment-methods - 304 (1ms)
[2026-02-28T17:42:19.398Z] GET /banks - 304 (1ms)
[2026-02-28T17:42:19.588Z] GET /upi-apps - 304 (1ms)
[2026-02-28T17:42:19.727Z] GET /balances - 304 (1ms)
